"USD">932.56
"USD">1.00</
"USD">447.89
"USD">1.00</
"USD">663.44
"USD">1.00</
"USD">969.6<
"USD">1.00</
"USD">550.95
"USD">1.00</
"USD">961.32
"USD">1.00</
"USD">750.02
"USD">1.00</
"USD">187.38
"USD">1.00</
"USD">610.24
"USD">1.00</
"USD">211.96
"USD">1.00</
"USD">670.93
"USD">1.00</
"USD">716.88
"USD">1.00</
"USD">996.76
"USD">1.00</
"USD">450.76
"USD">1.00</
"USD">517.69
"USD">1.00</
"USD">606.44
"USD">1.00</
"USD">723.24
"USD">1.00</
"USD">856.93
"USD">1.00</
"USD">406.92
"USD">1.00</
"USD">227.29
"USD">1.00</
"USD">411.55
"USD">1.00</
"USD">815.09
"USD">1.00</
"USD">584.53
"USD">1.00</
"USD">311.7<
"USD">1.00</
"USD">841.43
"USD">1.00</
"USD">316.16
"USD">1.00</
"USD">507.12
"USD">1.00</
"USD">204.43
"USD">1.00</
"USD">74.57<
"USD">1.00</
"USD">884.97
"USD">1.00</
"USD">264.15
"USD">1.00</
"USD">47.91<
"USD">1.00</
"USD">4.1</e
"USD">1.00</
"USD">451.94
"USD">1.00</
"USD">643.58
"USD">1.00</
"USD">230.99
"USD">1.00</
"USD">691.99
"USD">1.00</
"USD">743.77
"USD">1.00</
"USD">300.18
"USD">1.00</
"USD">241.56
"USD">1.00</
"USD">198.19
"USD">1.00</
"USD">109.97
"USD">1.00</
"USD">493.28
"USD">1.00</
"USD">403.7<
"USD">1.00</
"USD">595.27
"USD">1.00</
"USD">122.26
"USD">1.00</
"USD">84.08<
"USD">1.00</
"USD">640.78
"USD">1.00</
"USD">540.28
"USD">1.00</
"USD">192.41
"USD">1.00</
"USD">969.79
"USD">1.00</
"USD">998.6<
"USD">1.00</
"USD">273.77
"USD">1.00</
"USD">829.58
"USD">1.00</
"USD">384.11
"USD">1.00</
"USD">722.11
"USD">1.00</
"USD">265.9<
"USD">1.00</
"USD">15.55<
"USD">1.00</
"USD">467.62
"USD">1.00</
"USD">897.68
"USD">1.00</
"USD">923.65
"USD">1.00</
"USD">943.1<
"USD">1.00</
"USD">974.61
"USD">1.00</
"USD">485.34
"USD">1.00</
"USD">643.35
"USD">1.00</
"USD">11.26<
"USD">1.00</
"USD">685.14
"USD">1.00</
"USD">788.14
"USD">1.00</
"USD">845.8<
"USD">1.00</
"USD">380.36
"USD">1.00</
"USD">491.56
"USD">1.00</
"USD">618.93
"USD">1.00</
"USD">793.81
"USD">1.00</
"USD">887.58
"USD">1.00</
"USD">786.27
"USD">1.00</
"USD">195.96
"USD">1.00</
"USD">826.88
"USD">1.00</
"USD">499.28
"USD">1.00</
"USD">762.67
"USD">1.00</
"USD">413.98
"USD">1.00</
"USD">845.25
"USD">1.00</
"USD">617.14
"USD">1.00</
"USD">308.9<
"USD">1.00</
"USD">545.91
"USD">1.00</
"USD">850.51
"USD">1.00</
"USD">37.62<
"USD">1.00</
"USD">295.36
"USD">1.00</
"USD">730.8<
"USD">1.00</
"USD">703.44
"USD">1.00</
"USD">478.8<
"USD">1.00</
"USD">693.25
"USD">1.00</
"USD">393.66
"USD">1.00</
"USD">376.94
"USD">1.00</
"USD">598.54
"USD">1.00</
"USD">923.62
"USD">1.00</
"USD">320.77
"USD">1.00</
"USD">30.59<
"USD">1.00</
"USD">510.79
"USD">1.00</
"USD">640.6<
"USD">1.00</
"USD">65.11<
"USD">1.00</
"USD">939.15
"USD">1.00</
"USD">860.38
"USD">1.00</
"USD">277.73
"USD">1.00</
"USD">658.31
"USD">1.00</
"USD">816.13
"USD">1.00</
"USD">183.86
"USD">1.00</
"USD">184.46
"USD">1.00</
"USD">940.66
"USD">1.00</
"USD">544.14
"USD">1.00</
"USD">719.66
"USD">1.00</
"USD">385.51
"USD">1.00</
"USD">57.8</
"USD">1.00</
"USD">194.76
"USD">1.00</
"USD">877.88
"USD">1.00</
"USD">171.86
"USD">1.00</
"USD">202.08
"USD">1.00</
"USD">168.02
"USD">1.00</
"USD">382.5<
"USD">1.00</
"USD">705.69
"USD">1.00</
"USD">535.04
"USD">1.00</
"USD">685.14
"USD">1.00</
"USD">565.2<
"USD">1.00</
"USD">781.02
"USD">1.00</
"USD">979.57
"USD">1.00</
"USD">630.8<
"USD">1.00</
"USD">722.83
"USD">1.00</
"USD">39.41<
"USD">1.00</
"USD">161.31
"USD">1.00</
"USD">500.4<
"USD">1.00</
"USD">383.56
"USD">1.00</
"USD">428.85
"USD">1.00</
"USD">418.06
"USD">1.00</
"USD">20.48<
"USD">1.00</
"USD">384.17
"USD">1.00</
"USD">849.27
"USD">1.00</
"USD">430.35
"USD">1.00</
"USD">40.37<
"USD">1.00</
"USD">590.9<
"USD">1.00</
"USD">691.19
"USD">1.00</
"USD">799.28
"USD">1.00</
"USD">345.58
"USD">1.00</
"USD">164.44
"USD">1.00</
"USD">345.13
"USD">1.00</
"USD">713.1<
"USD">1.00</
"USD">131.45
"USD">1.00</
"USD">751.48
"USD">1.00</
"USD">97.13<
"USD">1.00</
"USD">237.92
"USD">1.00</
"USD">782.65
"USD">1.00</
"USD">513.56
"USD">1.00</
"USD">861.58
"USD">1.00</
"USD">336.62
"USD">1.00</
"USD">625.61
"USD">1.00</
"USD">884.77
"USD">1.00</
"USD">543.44
"USD">1.00</
"USD">730.11
"USD">1.00</
"USD">680.14
"USD">1.00</
"USD">284.28
"USD">1.00</
"USD">162.73
"USD">1.00</
"USD">693.42
"USD">1.00</
"USD">648.16
"USD">1.00</
"USD">197.63
"USD">1.00</
"USD">131.34
"USD">1.00</
"USD">88.91<
"USD">1.00</
"USD">652.26
"USD">1.00</
"USD">440.34
"USD">1.00</
"USD">503.27
"USD">1.00</
"USD">953.54
"USD">1.00</
"USD">119.35
"USD">1.00</
"USD">993.33
"USD">1.00</
"USD">880.67
"USD">1.00</
"USD">792.2<
"USD">1.00</
"USD">73.92<
"USD">1.00</
"USD">482.18
"USD">1.00</
"USD">459.64
"USD">1.00</
"USD">633.14
"USD">1.00</
"USD">643</e
"USD">1.00</
"USD">102.34
"USD">1.00</
"USD">893.59
"USD">1.00</
"USD">462.73
"USD">1.00</
"USD">300.15
"USD">1.00</
"USD">325.25
"USD">1.00</
"USD">68.26<
"USD">1.00</
"USD">269.34
"USD">1.00</
"USD">392.98
"USD">1.00</
"USD">399.56
"USD">1.00</
"USD">294.84
"USD">1.00</
"USD">316.49
"USD">1.00</
"USD">182.44
"USD">1.00</
"USD">765.05
"USD">1.00</
"USD">560</e
"USD">1.00</
"USD">620.41
"USD">1.00</
